<?xml version="1.0" encoding="UTF-8"?>
<!-- Generated by org.testng.reporters.JUnitReportReporter -->
<testsuite skipped="0" hostname="Umangs-MacBook-Pro.local" name="SeleniumSessions.AuthenticationPopUp" tests="1" failures="0" timestamp="2019-10-15T23:21:37 IST" time="9.643" errors="0">
  <testcase name="name" time="9.643" classname="SeleniumSessions.AuthenticationPopUp"/>
</testsuite> <!-- SeleniumSessions.AuthenticationPopUp -->
