<?xml version="1.0" encoding="UTF-8"?>
<!-- Generated by org.testng.reporters.JUnitReportReporter -->
<testsuite skipped="0" hostname="Umangs-MacBook-Pro.local" name="SeleniumSessions.VerifyBrokenLinks" tests="1" failures="0" timestamp="2019-12-12T22:33:11 IST" time="32.840" errors="0">
  <testcase name="VerifyLinks" time="32.840" classname="SeleniumSessions.VerifyBrokenLinks"/>
</testsuite> <!-- SeleniumSessions.VerifyBrokenLinks -->
