<?xml version="1.0" encoding="UTF-8"?>
<!-- Generated by org.testng.reporters.JUnitReportReporter -->
<testsuite skipped="0" hostname="Umangs-MacBook-Pro.local" name="dockerDemo.FFDemo" tests="1" failures="0" timestamp="2019-12-29T21:45:17 IST" time="18.337" errors="0">
  <testcase name="test" time="18.337" classname="dockerDemo.FFDemo"/>
</testsuite> <!-- dockerDemo.FFDemo -->
