<?xml version="1.0" encoding="UTF-8"?>
<!-- Generated by org.testng.reporters.JUnitReportReporter -->
<testsuite skipped="0" hostname="Umangs-MacBook-Pro.local" name="SeleniumSessions.bootStrapDropdown2" tests="1" failures="0" timestamp="2019-10-15T23:19:08 IST" time="11.960" errors="0">
  <testcase name="bootStrapDropDown2" time="11.960" classname="SeleniumSessions.bootStrapDropdown2"/>
</testsuite> <!-- SeleniumSessions.bootStrapDropdown2 -->
