<?xml version="1.0" encoding="UTF-8"?>
<!-- Generated by org.testng.reporters.JUnitReportReporter -->
<testsuite skipped="0" hostname="Umangs-MacBook-Pro.local" name="SeleniumSessions.PerformActions" tests="1" failures="0" timestamp="2019-10-16T00:23:31 IST" time="5.346" errors="0">
  <testcase name="name" time="5.346" classname="SeleniumSessions.PerformActions"/>
</testsuite> <!-- SeleniumSessions.PerformActions -->
