<?xml version="1.0" encoding="UTF-8"?>
<!-- Generated by org.testng.reporters.JUnitReportReporter -->
<testsuite skipped="0" hostname="Umangs-MacBook-Pro.local" name="SeleniumSessions.InvocationCountAndThreadPoolSize" tests="1" failures="0" timestamp="2019-11-25T15:44:00 IST" time="28.908" errors="0">
  <testcase name="test" time="28.908" classname="SeleniumSessions.InvocationCountAndThreadPoolSize"/>
</testsuite> <!-- SeleniumSessions.InvocationCountAndThreadPoolSize -->
