<?xml version="1.0" encoding="UTF-8"?>
<!-- Generated by org.testng.reporters.JUnitReportReporter -->
<testsuite skipped="0" hostname="Umangs-MacBook-Pro.local" name="SeleniumSessions.bootstrapDropdown" tests="1" failures="0" timestamp="2019-10-14T22:45:40 IST" time="8.858" errors="0">
  <testcase name="method1" time="8.858" classname="SeleniumSessions.bootstrapDropdown"/>
</testsuite> <!-- SeleniumSessions.bootstrapDropdown -->
