<?xml version="1.0" encoding="UTF-8"?>
<!-- Generated by org.testng.reporters.JUnitReportReporter -->
<testsuite skipped="0" hostname="Umangs-MacBook-Pro.local" name="SeleniumSessions.SpiceJetDropDown" tests="1" failures="0" timestamp="2019-11-02T18:03:59 IST" time="20.324" errors="0">
  <testcase name="test" time="20.324" classname="SeleniumSessions.SpiceJetDropDown"/>
</testsuite> <!-- SeleniumSessions.SpiceJetDropDown -->
