<?xml version="1.0" encoding="UTF-8"?>
<!-- Generated by org.testng.reporters.JUnitReportReporter -->
<testsuite skipped="0" hostname="Umangs-MacBook-Pro.local" name="SeleniumSessions.HubSpotWebSite" tests="1" failures="0" timestamp="2019-11-03T23:00:06 IST" time="28.622" errors="0">
  <testcase name="login" time="28.622" classname="SeleniumSessions.HubSpotWebSite"/>
</testsuite> <!-- SeleniumSessions.HubSpotWebSite -->
