<?xml version="1.0" encoding="UTF-8"?>
<!-- Generated by org.testng.reporters.JUnitReportReporter -->
<testsuite skipped="0" hostname="Umangs-MacBook-Pro.local" name="SeleniumSessions.HandlingCookies" tests="1" failures="0" timestamp="2019-11-28T19:14:34 IST" time="16.257" errors="0">
  <testcase name="login" time="16.257" classname="SeleniumSessions.HandlingCookies"/>
</testsuite> <!-- SeleniumSessions.HandlingCookies -->
