<?xml version="1.0" encoding="UTF-8"?>
<!-- Generated by org.testng.reporters.JUnitReportReporter -->
<testsuite skipped="0" hostname="Umangs-MacBook-Pro.local" name="SeleniumSessions.multipleWindows" tests="1" failures="0" timestamp="2019-12-15T00:47:53 IST" time="8.199" errors="0">
  <testcase name="method1" time="8.199" classname="SeleniumSessions.multipleWindows"/>
</testsuite> <!-- SeleniumSessions.multipleWindows -->
