<?xml version="1.0" encoding="UTF-8"?>
<!-- Generated by org.testng.reporters.JUnitReportReporter -->
<testsuite skipped="0" hostname="Umangs-MacBook-Pro.local" name="SeleniumSessions.WebTableHandling" tests="1" failures="0" timestamp="2019-10-19T23:25:08 IST" time="75.234" errors="0">
  <testcase name="JqueryDrpDown" time="75.234" classname="SeleniumSessions.WebTableHandling"/>
</testsuite> <!-- SeleniumSessions.WebTableHandling -->
