<?xml version="1.0" encoding="UTF-8"?>
<!-- Generated by org.testng.reporters.JUnitReportReporter -->
<testsuite skipped="0" hostname="Umangs-MacBook-Pro.local" name="SeleniumSessions.AssmtRightClick" tests="1" failures="0" timestamp="2019-10-16T00:35:01 IST" time="4.462" errors="0">
  <testcase name="name" time="4.462" classname="SeleniumSessions.AssmtRightClick"/>
</testsuite> <!-- SeleniumSessions.AssmtRightClick -->
