<?xml version="1.0" encoding="UTF-8"?>
<!-- Generated by org.testng.reporters.JUnitReportReporter -->
<testsuite skipped="0" hostname="Umangs-MacBook-Pro.local" name="SeleniumSessions.JQyeryDropDownHandle" tests="1" failures="0" timestamp="2019-10-19T22:31:33 IST" time="6.517" errors="0">
  <testcase name="JqueryDrpDown" time="6.517" classname="SeleniumSessions.JQyeryDropDownHandle"/>
</testsuite> <!-- SeleniumSessions.JQyeryDropDownHandle -->
