<?xml version="1.0" encoding="UTF-8"?>
<!-- Generated by org.testng.reporters.JUnitReportReporter -->
<testsuite skipped="0" hostname="Umangs-MacBook-Pro.local" name="SeleniumSessions.BrowserOptions" tests="1" failures="0" timestamp="2019-12-28T12:22:11 IST" time="4.574" errors="0">
  <testcase name="Options" time="4.574" classname="SeleniumSessions.BrowserOptions"/>
</testsuite> <!-- SeleniumSessions.BrowserOptions -->
